<?xml version="1.0" encoding="UTF-8"?>
<testng-results ignored="0" total="1" passed="1" failed="0" skipped="0">
  <reporter-output>
  </reporter-output>
  <suite started-at="2021-03-22T11:29:44 IST" name="Default suite" finished-at="2021-03-22T11:29:49 IST" duration-ms="4724">
    <groups>
    </groups>
    <test started-at="2021-03-22T11:29:44 IST" name="Default test" finished-at="2021-03-22T11:29:49 IST" duration-ms="4724">
      <class name="testcase.logintestcase">
        <test-method signature="login()[pri:0, instance:testcase.logintestcase@78dd667e]" started-at="2021-03-22T11:29:44 IST" name="login" finished-at="2021-03-22T11:29:49 IST" duration-ms="4667" status="PASS">
          <reporter-output>
          </reporter-output>
        </test-method> <!-- login -->
      </class> <!-- testcase.logintestcase -->
    </test> <!-- Default test -->
  </suite> <!-- Default suite -->
</testng-results>
